2025-12-14 00:05:43 [INFO]: Incoming request: GET / 
2025-12-14 00:05:43 [INFO]: Incoming request: GET /jntugv-logo.png 
2025-12-14 00:05:43 [INFO]: Incoming request: GET /dsnlu-logo.png 
2025-12-14 00:05:43 [INFO]: Incoming request: GET /form-steps.js 
2025-12-14 00:05:44 [INFO]: Incoming request: GET /form-autosave.js 
2025-12-14 00:05:44 [INFO]: Incoming request: GET /form-validate.js 
2025-12-14 00:05:44 [INFO]: Incoming request: GET /form-submit.js 
2025-12-14 00:05:44 [INFO]: Incoming request: GET /favicon.ico 
2025-12-14 00:06:09 [INFO]: Incoming request: POST /application/submit 
2025-12-14 00:06:16 [INFO]: Incoming request: GET /payment.html?id=PGCPAITL-2025-000008 
2025-12-14 00:06:16 [INFO]: Incoming request: GET /payment.css 
2025-12-14 00:06:17 [INFO]: Incoming request: GET /qr/sbi-qr.jpg 
2025-12-14 00:06:17 [INFO]: Incoming request: GET /payment.js 
2025-12-14 00:06:17 [INFO]: Incoming request: GET /api/resolve-id?pretty=PGCPAITL-2025-000008 
2025-12-14 00:06:45 [INFO]: Incoming request: GET /payment.html/adminn/login.html 
2025-12-14 00:06:52 [INFO]: Incoming request: GET /adminn/login.html 
2025-12-14 00:07:02 [INFO]: Incoming request: GET /admin/login.html 
2025-12-14 00:07:02 [INFO]: Incoming request: GET /admin/login.js 
2025-12-14 00:07:04 [INFO]: Incoming request: POST /admin/login 
2025-12-14 00:07:04 [INFO]: Incoming request: POST /admin/login 
2025-12-14 00:07:05 [INFO]: Incoming request: GET /admin/dashboard.html 
2025-12-14 00:07:05 [INFO]: Incoming request: GET /dashboard.js 
2025-12-14 00:07:05 [INFO]: Incoming request: GET /application/list 
2025-12-14 00:07:58 [INFO]: Incoming request: POST /admin/login 
2025-12-14 00:07:58 [INFO]: Incoming request: POST /admin/login 
2025-12-14 00:07:59 [INFO]: Incoming request: GET /admin/dashboard.html 
2025-12-14 00:07:59 [INFO]: Incoming request: GET /admin/adminDashboard.html 
2025-12-14 00:07:59 [INFO]: Incoming request: GET /dashboard.js 
2025-12-14 00:07:59 [INFO]: Incoming request: GET /admin/admin.css 
2025-12-14 00:07:59 [INFO]: Incoming request: GET /admin/dashboard-tabs.js 
2025-12-14 00:07:59 [INFO]: Incoming request: GET /admin/dashboard-applications.js 
2025-12-14 00:07:59 [INFO]: Incoming request: GET /admin/dashboard-payments.js 
2025-12-14 00:07:59 [INFO]: Incoming request: GET /admin/dashboard-files.js 
2025-12-14 00:07:59 [INFO]: Incoming request: GET /admin/payments/list 
2025-12-14 02:09:43 [INFO]: Incoming request: GET /admin/adminDashboard.html 
2025-12-14 02:09:43 [INFO]: Incoming request: GET /admin/admin.css 
2025-12-14 02:09:44 [INFO]: Incoming request: GET /admin/dashboard-payments.js 
2025-12-14 02:09:44 [INFO]: Incoming request: GET /admin/dashboard-applications.js 
2025-12-14 02:09:44 [INFO]: Incoming request: GET /admin/dashboard-files.js 
2025-12-14 02:09:44 [INFO]: Incoming request: GET /admin/dashboard-tabs.js 
2025-12-14 02:09:44 [INFO]: Incoming request: GET /admin/payments/list 
