2025-12-05 21:34:41 [INFO]: Incoming request: POST /payment/submit 
2025-12-05 21:40:56 [INFO]: Incoming request: POST /payment/submit 
2025-12-05 21:41:30 [INFO]: Incoming request: POST /payment/submit 
2025-12-05 21:43:03 [INFO]: Incoming request: POST /payment/submit 
2025-12-05 21:47:09 [INFO]: Incoming request: POST /payment/submit 
2025-12-05 21:49:21 [INFO]: Incoming request: GET /payment.html?id=PGCPAITL-2025-000007 
2025-12-05 21:49:22 [INFO]: Incoming request: GET /payment.css 
2025-12-05 21:49:22 [INFO]: Incoming request: GET /qr/sbi-qr.jpg 
2025-12-05 21:49:22 [INFO]: Incoming request: GET /.well-known/appspecific/com.chrome.devtools.json 
2025-12-05 21:49:22 [INFO]: Incoming request: GET /payment.js 
2025-12-05 21:49:22 [INFO]: Incoming request: GET /api/resolve-id?pretty=PGCPAITL-2025-000007 
2025-12-05 21:49:32 [INFO]: Incoming request: POST /payment/submit 
2025-12-05 21:49:36 [INFO]: Incoming request: GET /payment-success.html 
2025-12-05 21:50:28 [INFO]: Incoming request: GET /payment-success.html 
2025-12-05 21:50:28 [INFO]: Incoming request: GET /.well-known/appspecific/com.chrome.devtools.json 
2025-12-05 21:50:28 [INFO]: Incoming request: GET /clear-storage.js 
2025-12-05 21:59:59 [INFO]: Incoming request: GET /login.html 
2025-12-05 22:00:00 [INFO]: Incoming request: GET /login.js 
2025-12-05 22:00:00 [INFO]: Incoming request: GET /.well-known/appspecific/com.chrome.devtools.json 
2025-12-05 22:00:07 [INFO]: Incoming request: POST /admin/login 
2025-12-05 22:00:08 [INFO]: Incoming request: POST /admin/login 
2025-12-05 22:00:08 [INFO]: Incoming request: GET /admin/dashboard.html 
2025-12-05 22:00:09 [INFO]: Incoming request: GET /admin/dashboard.html 
2025-12-05 22:00:09 [INFO]: Incoming request: GET /dashboard.js 
2025-12-05 22:00:10 [INFO]: Incoming request: GET /.well-known/appspecific/com.chrome.devtools.json 
2025-12-05 22:00:10 [INFO]: Incoming request: GET /application/list 
2025-12-05 22:01:36 [INFO]: Incoming request: GET /admin/adminDashboard.html 
2025-12-05 22:01:36 [INFO]: Incoming request: GET /admin/admin.css 
2025-12-05 22:01:36 [INFO]: Incoming request: GET /admin/dashboard-tabs.js 
2025-12-05 22:01:36 [INFO]: Incoming request: GET /admin/dashboard-applications.js 
2025-12-05 22:01:36 [INFO]: Incoming request: GET /admin/dashboard-files.js 
2025-12-05 22:01:36 [INFO]: Incoming request: GET /admin/dashboard-payments.js 
2025-12-05 22:01:36 [INFO]: Incoming request: GET /admin/payments/list 
2025-12-05 22:01:56 [INFO]: Incoming request: GET /admin/adminDashboard.html 
2025-12-05 22:01:56 [INFO]: Incoming request: GET /admin/admin.css 
2025-12-05 22:01:56 [INFO]: Incoming request: GET /admin/dashboard-tabs.js 
2025-12-05 22:01:56 [INFO]: Incoming request: GET /admin/dashboard-applications.js 
2025-12-05 22:01:56 [INFO]: Incoming request: GET /admin/dashboard-files.js 
2025-12-05 22:01:56 [INFO]: Incoming request: GET /admin/dashboard-payments.js 
2025-12-05 22:01:56 [INFO]: Incoming request: GET /admin/payments/list 
2025-12-05 22:03:18 [INFO]: Incoming request: GET /admin/login.html 
2025-12-05 22:03:18 [INFO]: Incoming request: GET /admin/login.js 
2025-12-05 22:03:26 [INFO]: Incoming request: POST /admin/login 
2025-12-05 22:03:26 [INFO]: Incoming request: POST /admin/login 
2025-12-05 22:03:26 [INFO]: Incoming request: GET /admin/dashboard.html 
2025-12-05 22:03:26 [INFO]: Incoming request: GET /admin/adminDashboard.html 
2025-12-05 22:03:26 [INFO]: Incoming request: GET /admin/admin.css 
2025-12-05 22:03:26 [INFO]: Incoming request: GET /admin/dashboard-tabs.js 
2025-12-05 22:03:26 [INFO]: Incoming request: GET /admin/dashboard-applications.js 
2025-12-05 22:03:26 [INFO]: Incoming request: GET /admin/dashboard-files.js 
2025-12-05 22:03:26 [INFO]: Incoming request: GET /admin/dashboard-payments.js 
2025-12-05 22:03:26 [INFO]: Incoming request: GET /admin/payments/list 
2025-12-05 22:04:14 [INFO]: Incoming request: GET /login.html 
2025-12-05 22:04:17 [INFO]: Incoming request: GET /login.html 
2025-12-05 22:04:22 [INFO]: Incoming request: POST /admin/login 
2025-12-05 22:04:22 [INFO]: Incoming request: POST /admin/login 
2025-12-05 22:04:22 [INFO]: Incoming request: GET /admin/dashboard.html 
2025-12-05 22:04:22 [INFO]: Incoming request: GET /admin/adminDashboard.html 
2025-12-05 22:04:22 [INFO]: Incoming request: GET /admin/admin.css 
2025-12-05 22:04:22 [INFO]: Incoming request: GET /admin/dashboard-tabs.js 
2025-12-05 22:04:22 [INFO]: Incoming request: GET /admin/dashboard-applications.js 
2025-12-05 22:04:22 [INFO]: Incoming request: GET /admin/dashboard-files.js 
2025-12-05 22:04:22 [INFO]: Incoming request: GET /admin/dashboard-payments.js 
2025-12-05 22:04:22 [INFO]: Incoming request: GET /admin/payments/list 
2025-12-05 22:06:43 [INFO]: Incoming request: GET /admin/dashbord.html 
2025-12-05 22:06:48 [INFO]: Incoming request: GET /admin/dashbord.htmla 
2025-12-05 22:06:56 [INFO]: Incoming request: GET /admin/dashboard.html 
2025-12-05 22:06:56 [INFO]: Incoming request: GET /dashboard.js 
2025-12-05 22:06:56 [INFO]: Incoming request: GET /application/list 
2025-12-05 22:07:00 [INFO]: Incoming request: GET /application/7 
2025-12-05 22:07:02 [INFO]: Incoming request: PUT /application/7/status 
2025-12-05 22:07:05 [INFO]: Incoming request: PUT /application/7/status 
2025-12-05 22:07:06 [INFO]: Incoming request: PUT /application/7/status 
2025-12-05 22:07:09 [INFO]: Incoming request: GET /application/list 
2025-12-05 22:07:10 [INFO]: Incoming request: GET /application/list 
2025-12-05 22:07:11 [INFO]: Incoming request: GET /application/list 
2025-12-05 22:07:43 [INFO]: Incoming request: GET /application/1 
2025-12-05 22:07:45 [INFO]: Incoming request: PUT /application/1/status 
2025-12-05 22:07:53 [INFO]: Incoming request: GET /application/list 
2025-12-05 22:08:22 [INFO]: Incoming request: GET /application/4 
2025-12-05 22:08:24 [INFO]: Incoming request: PUT /application/4/status 
2025-12-05 22:08:38 [INFO]: Incoming request: GET /application/list 
2025-12-05 22:24:29 [INFO]: Incoming request: GET /admin/dashboard.html 
2025-12-05 22:24:29 [INFO]: Incoming request: GET /dashboard.js 
2025-12-05 22:24:29 [INFO]: Incoming request: GET /application/list 
